0 info it worked if it ends with ok
1 verbose cli [ 'C:\\Program Files\\nodejs\\node.exe',
1 verbose cli   'C:\\Users\\Operator\\AppData\\Roaming\\npm\\node_modules\\npm\\bin\\npm-cli.js',
1 verbose cli   'run',
1 verbose cli   'webpack-dev-server' ]
2 info using npm@4.0.3
3 info using node@v7.2.0
4 verbose run-script [ 'prewebpack-dev-server',
4 verbose run-script   'webpack-dev-server',
4 verbose run-script   'postwebpack-dev-server' ]
5 info lifecycle boilerplate@1.0.0~prewebpack-dev-server: boilerplate@1.0.0
6 silly lifecycle boilerplate@1.0.0~prewebpack-dev-server: no script for prewebpack-dev-server, continuing
7 info lifecycle boilerplate@1.0.0~webpack-dev-server: boilerplate@1.0.0
8 verbose lifecycle boilerplate@1.0.0~webpack-dev-server: unsafe-perm in lifecycle true
9 verbose lifecycle boilerplate@1.0.0~webpack-dev-server: PATH: C:\Users\Operator\AppData\Roaming\npm\node_modules\npm\bin\node-gyp-bin;C:\Users\Operator\Desktop\boilerplate\node_modules\.bin;C:\oracle\ProTAK\product\11.2.0\client_1\bin;C:\app\ProTAK\product\11.2.0\client_1;C:\ProgramData\Oracle\Java\javapath;C:\Windows\system32;C:\Windows;C:\Windows\System32\Wbem;C:\Windows\System32\WindowsPowerShell\v1.0\;C:\Program Files\Common Files\Autodesk Shared\;C:\Program Files (x86)\Skype\Phone\;C:\Program Files (x86)\GtkSharp\2.12\bin;C:\Program Files\Microsoft SQL Server\110\Tools\Binn\;C:\Program Files\Microsoft SQL Server\120\Tools\Binn\;C:\Program Files\Microsoft SQL Server\130\Tools\Binn\;C:\Program Files\Microsoft\Web Platform Installer\;C:\WINDOWS\system32;C:\WINDOWS;C:\WINDOWS\System32\Wbem;C:\WINDOWS\System32\WindowsPowerShell\v1.0\;C:\Program Files\OpenVPN\bin;C:\Program Files\Git\cmd;C:\Program Files\nodejs\;C:\Program Files\Microsoft DNX\Dnvm\;C:\Program Files\dotnet\;C:\Program Files\PuTTY\;C:\Program Files\nodejs;C:\Program Files (x86)\Microsoft VS Code\bin;"C:\Program Files (x86)\cmder\bin";C:\Users\Operator\AppData\Roaming\npm;C:\Users\Operator\AppData\Local\Google\Cloud SDK\google-cloud-sdk\bin;C:\Users\Operator\AppData\Local\Microsoft\WindowsApps;C:\Users\Operator\AppData\Local\atom\bin
10 verbose lifecycle boilerplate@1.0.0~webpack-dev-server: CWD: C:\Users\Operator\Desktop\boilerplate
11 silly lifecycle boilerplate@1.0.0~webpack-dev-server: Args: [ '/d /s /c',
11 silly lifecycle   'node ./node_modules/webpack-dev-server/bin/webpack-dev-server.js' ]
12 verbose stack Error: kill ENOSYS
12 verbose stack     at exports._errnoException (util.js:1022:11)
12 verbose stack     at process.kill (internal/process.js:173:13)
12 verbose stack     at process.listener (C:\Users\Operator\AppData\Roaming\npm\node_modules\npm\node_modules\npmlog\node_modules\gauge\node_modules\signal-exit\index.js:86:15)
12 verbose stack     at emitNone (events.js:91:20)
12 verbose stack     at process.emit (events.js:185:7)
12 verbose stack     at processEmit (C:\Users\Operator\AppData\Roaming\npm\node_modules\npm\node_modules\npmlog\node_modules\gauge\node_modules\signal-exit\index.js:146:32)
12 verbose stack     at processEmit (C:\Users\Operator\AppData\Roaming\npm\node_modules\npm\node_modules\npm-registry-client\node_modules\npmlog\node_modules\gauge\node_modules\signal-exit\index.js:146:32)
12 verbose stack     at Signal.wrap.onsignal (internal/process.js:200:44)
13 verbose cwd C:\Users\Operator\Desktop\boilerplate
14 error Windows_NT 10.0.15063
15 error argv "C:\\Program Files\\nodejs\\node.exe" "C:\\Users\\Operator\\AppData\\Roaming\\npm\\node_modules\\npm\\bin\\npm-cli.js" "run" "webpack-dev-server"
16 error node v7.2.0
17 error npm  v4.0.3
18 error code ENOSYS
19 error errno ENOSYS
20 error syscall kill
21 error kill ENOSYS
22 error If you need help, you may report this error at:
22 error     <https://github.com/npm/npm/issues>
23 verbose exit [ 1, true ]
